

1. Changing gcc 3.x to gcc 4.x (bcoz qemu has prob with gcc 4.x so ./configure --disable-gcc-check (to disable gcc version check))
2. after make
 In kvm 17/user main.c for cpuid variable(unsigned int) in printf-format specifier is lx so showing warning for expecting long unsigned int value

3. in kvm 17/qemu/bsd/i386 ---e_logl.s file-- header file missing machine/asm.h

4. in kvm 17/qemu/makefile line no 40 and 42 bsd/libmac.a not found

5. /kvm 17/qemu/bsd/makefile uname -m(gives name of processor)-- based on processor, processor name/elogl.s.... files are executed
 for example i386/e_logl.s  and all has to be executed..
libmath.a is not found

6. the #include<machine/asm.h> is changed to #include <mach/machine/asm.h> in every file of the folder /kvm-17/qemu/bsd/i386/


7. RCSID("$NetBSD: $") -> #define RCSID NetBSD 
  Correct???

8. .align ALIGNARG(4) -> .align ALIGNARG(3) <<<<<Resolved>>>>>>


align
An integer specifying the offset to this section in the file.
An integer specifying the section’s byte alignment. Specify this as a power of two; for example, a section with 8-byte alignment would have an align value of 3 (2 to the 3rd power equals 8)


location counter (in the current subsection) to a particular
storage boundary.  The first expression (which must be absolute) is the
number of low-order zero bits the location counter will have after
advancement.  For example `.align 3' will advance the location counter
until it a multiple of 8.  If the location counter is already a
multiple of 8, no change is needed.

9. Error: Could not find alsa
Make sure to have the alsa libs and headers installed.(?)


10. The .s extension is the convention used by GNU and many other tool-chains for assembler files.
sysdep.h is System-dependent interface.


11.Mac OS X Assembler Guide
http://personal.denison.edu/~bressoud/cs281-s07/Assembler.pdf

http://www.cse.msu.edu/~cse470/Public/Software/spin/bnu281b/info/as.i3

12. In sysdep.h -> .weak is replaced with .weak_definition.(line no. 14)
.emu is replace with .set (line no. 14)
we have to replace .type and .size with the mac compatible assembler commands.


13. .size in sysdep.h
=======

   This directive is generated by compilers to include auxiliary
debugging information in the symbol table. 

14. .type in sysdep.h
=======
	This directive, permitted only within `.def'/`.endef' pairs, records
the integer INT as the type attribute of a symbol table entry.

15. ENTRY(__IEEE754_logl) -> floating point representation has to be changed w.r.t mac standard
error: Bad Absolute Expression, absolute 0 assumed.

16. fsubl MO(one)	has to be checked.

error: 32-bit absolute addressing is not supported for x86-64
i386/e_logl.S:47:cannot do signed 4 byte relocation





weak_alias(__ieee754_logl,logl) (line no. 63) in e_logl.S is not giving error now

sys/cdefs.h for mac??? same or should be changed?




output with #include<machine/asm.h>

OS-LAB-229s-Mac-mini:kvm-17 ShrishaRao$ make
make -C user
make[1]: Nothing to be done for `all'.
make -C qemu
make -C bsd CC=gcc
gcc -I.   -c -o i386/e_logl.o i386/e_logl.S
i386/e_logl.S:8:25: error: machine/asm.h: No such file or directory
make[2]: *** [i386/e_logl.o] Error 1
make[1]: *** [bsd/libmath.a] Error 2
make: *** [qemu] Error 2
OS-LAB-229s-Mac-mini:kvm-17 ShrishaRao$



output with #include<mach/machine/asm.h>

make -C user
make[1]: Nothing to be done for `all'.
make -C qemu
make -C bsd CC=gcc
gcc -I.   -c -o i386/e_logl.o i386/e_logl.S
In file included from i386/e_logl.S:9:
./sysdep.h:12:1: warning: "END" redefined
In file included from /usr/include/mach/machine/asm.h:35,
                 from i386/e_logl.S:8:
/usr/include/mach/i386/asm.h:207:1: warning: this is the location of the previous definition
i386/e_logl.S:11:invalid character '(' in mnemonic //RCSID($NetBSD: $)
i386/e_logl.S:19:Alignment too large: 15. assumed.
i386/e_logl.S:20:Unknown pseudo-op: .type
i386/e_logl.S:20:Rest of line ignored. 1st junk character valued 111 (o).
i386/e_logl.S:22:Unknown pseudo-op: .size
i386/e_logl.S:22:Rest of line ignored. 1st junk character valued 111 (o).
i386/e_logl.S:26:Unknown pseudo-op: .type
i386/e_logl.S:26:Rest of line ignored. 1st junk character valued 108 (l).
i386/e_logl.S:28:Unknown pseudo-op: .size
i386/e_logl.S:28:Rest of line ignored. 1st junk character valued 108 (l).
i386/e_logl.S:38:Bad Absolute Expression, absolute 0 assumed.
i386/e_logl.S:47:32-bit absolute addressing is not supported for x86-64
i386/e_logl.S:47:cannot do signed 4 byte relocation
i386/e_logl.S:50:32-bit absolute addressing is not supported for x86-64
i386/e_logl.S:50:cannot do signed 4 byte relocation
i386/e_logl.S:63:Unknown pseudo-op: .weak
i386/e_logl.S:63:Rest of line ignored. 1st junk character valued 108 (l).
i386/e_logl.S:63:Unknown pseudo-op: .equ
i386/e_logl.S:63:Rest of line ignored. 1st junk character valued 108 (l).
make[2]: *** [i386/e_logl.o] Error 1
make[1]: *** [bsd/libmath.a] Error 2
make: *** [qemu] Error 2








Spotlight can be used to manually import things (libraries, headerfiles)
http://www.macosxtips.co.uk/index_files/terminal-commands-for-improving-spotlight.php




19/2/2013


output while make:
i386/e_logl.S:19:Alignment too large: 15. assumed.
i386/e_logl.S:20:Unknown pseudo-op: .type
i386/e_logl.S:20:Rest of line ignored. 1st junk character valued 111 (o).
i386/e_logl.S:22:Unknown pseudo-op: .size
i386/e_logl.S:22:Rest of line ignored. 1st junk character valued 111 (o).
i386/e_logl.S:26:Unknown pseudo-op: .type
i386/e_logl.S:26:Rest of line ignored. 1st junk character valued 108 (l).
i386/e_logl.S:28:Unknown pseudo-op: .size
i386/e_logl.S:28:Rest of line ignored. 1st junk character valued 108 (l).
i386/e_logl.S:38:Bad Absolute Expression, absolute 0 assumed.
i386/e_logl.S:47:32-bit absolute addressing is not supported for x86-64
i386/e_logl.S:47:cannot do signed 4 byte relocation
i386/e_logl.S:50:32-bit absolute addressing is not supported for x86-64
i386/e_logl.S:50:cannot do signed 4 byte relocation
make[2]: *** [i386/e_logl.o] Error 1
make[1]: *** [bsd/libmath.a] Error 2
make: *** [qemu] Error 2





4th March:

Commented all the lines with errors, in the folder bsd/e386/ - Compiled successfully! (but no use)

Now many warnings came and also 2 errors :

ld: -L must be immediately followed by a directory path (no space)
collect2: ld returned 1 exit status
make[1]: *** [qemu-img] Error 1
make: *** [qemu] Error 2


Warnings in qemu-img.c, block-raw.c, block-vpc.c, block-vvfat.c, 

Next job : To check for all the errors that were commented and resolve them (:P)




















----------------------------------------------------------------------------------------------------------------------------
----------------------------------------------------------------------------------------------------------------------------
----------------------------------------------------------------------------------------------------------------------------
12-03-2013:

ERROR:
qemu-img.c: In function ‘term_print_filename’:
qemu-img.c:75: warning: format not a string literal and no format arguments

Solution: add an extra dummy argument to the function call term_printf(filename,”dummy”);

----------------------------------------------------------------------------------------------------------------------------
ERROR:
lock-vvfat.c: In function ‘parse_long_name’:
block-vvfat.c:1423: warning: pointer targets in passing argument 1 of ‘strlen’ differ in signedness
block-vvfat.c: In function ‘parse_short_name’:
block-vvfat.c:1462: warning: pointer targets in passing argument 1 of ‘strlen’ differ in signedness
block-vvfat.c: In function ‘check_directory_consistency’:
block-vvfat.c:1758: warning: pointer targets in passing argument 1 of ‘strcmp’ differ in signedness
block-vvfat.c:1759: warning: pointer targets in passing argument 1 of ‘strcmp’ differ in signedness

Solution: 
In long_file_name structure, 
unsigned char name[1024];     is replaced with      char name[1024];
----------------------------------------------------------------------------------------------------------------------------
ERROR:
block-vvfat.c: In function ‘create_long_filename’:
block-vvfat.c:396: warning: pointer targets in passing argument 1 of ‘short2long_name’ differ in signedness


Solution: 
char buffer[258];
    int length=short2long_name(buffer,filename),
has been replaced with the following,

unsigned char buffer[258];
    int length=short2long_name(buffer,filename),

----------------------------------------------------------------------------------------------------------------------------
ERROR:
block-vvfat.c: In function ‘create_short_and_long_name’:
block-vvfat.c:594: warning: pointer targets in passing argument 1 of ‘__builtin___strncpy_chk’ differ in signedness

Solution: 
strncpy(entry->name,filename,i); Has been replaced with the following
strncpy((char *)entry->name,filename,i);
----------------------------------------------------------------------------------------------------------------------------
ERROR:

block-vvfat.c: In function ‘fat_get’:
block-vvfat.c:533: warning: pointer targets in initialization differ in signedness

Solution:  
const int8_t* x=s->fat.pointer+cluster*3/2; 
has been replaced with 
const int8_t* x=(int8_t *)(s->fat.pointer+cluster*3/2);
----------------------------------------------------------------------------------------------------------------------------

----------------------------------------------------------------------------------------------------------------------------
ERROR:
block-vvfat.c: In function ‘read_cluster’:
block-vvfat.c:1153: warning: pointer targets in assignment differ in signedness


Solution:  
s->cluster = s->directory.pointer+offset 
			+ 0x20* s->current_mapping->info.dir.first_dir_index;

has been replaced with the following,

Not yet Solved!!

----------------------------------------------------------------------------------------------------------------------------


ERROR:
block-vpc.c: In function ‘vpc_probe’:
block-vpc.c:84: warning: pointer targets in passing argument 1 of ‘strncmp’ differ in signedness

Solution:  
 if (buf_size >= 8 && !strncmp(buf,"conectix", 8))

has been replaced with the following,

Not yet Solved!!

----------------------------------------------------------------------------------------------------------------------------



14-03-2013:

ERROR:
ld returns blah blah... 
removing the exit statements at line 63, 70, 103 in ….../qemu/makefile

Solution:  
rm -rf $$d || exit 1 ;  \
        done

has been replace with 
rm -rf $$d \#|| exit 1 ; 
        done
----------------------------------------------------------------------------------------------------------------------------

ERROR:
ld: -L must be immediately followed by a directory path (no space)
collect2: ld returned 1 exit status
make[1]: *** [qemu-img] Error 1
make: *** [qemu] Error 2

Solution:  
commented TOOLS=qemu-img$(EXESUF)
----------------------------------------------------------------------------------------------------------------------------

ERROR:
dyngen.c: In function ‘get_reloc_name’:
dyngen.c:1013: warning: pointer targets in passing argument 2 of ‘fetch_next_pair_value’ differ in signedness
dyngen.c:1015: warning: pointer targets in passing argument 2 of ‘fetch_next_pair_value’ differ in signedness
dyngen.c:1017: warning: pointer targets in passing argument 2 of ‘fetch_next_pair_value’ differ in signedness

Solution:  Typecast!
case PPC_RELOC_LO16: fetch_next_pair_value(rel+1, &other_half); sectoffset |= (other_half << 16);
			break;
		case PPC_RELOC_HI16: fetch_next_pair_value(rel+1, &other_half); sectoffset = (sectoffset << 16) | (uint16_t)(other_half & 0xffff);
			break;
		case PPC_RELOC_HA16: fetch_next_pair_value(rel+1, &other_half); sectoffset = (sectoffset << 16) + (int16_t)(other_half & 0xffff);
			break;

Has been replaced with the following,


case PPC_RELOC_LO16: fetch_next_pair_value(rel+1, (unsigned int *)&other_half); sectoffset |= (other_half << 16);
			break;
		case PPC_RELOC_HI16: fetch_next_pair_value(rel+1, (unsigned int *)&other_half); sectoffset = (sectoffset << 16) | (uint16_t)(other_half & 0xffff);
			break;
		case PPC_RELOC_HA16: fetch_next_pair_value(rel+1, (unsigned int *)&other_half); sectoffset = (sectoffset << 16) + (int16_t)(other_half & 0xffff);
			break;
----------------------------------------------------------------------------------------------------------------------------

ERROR:
dyngen.c: In function ‘gen_code’:
dyngen.c:1817: error: ‘struct relocation_info’ has no member named ‘r_offset’
dyngen.c:1818: error: ‘struct relocation_info’ has no member named ‘r_offset’
dyngen.c:1822: error: ‘struct relocation_info’ has no member named ‘r_offset’
dyngen.c:1836: error: ‘struct relocation_info’ has no member named ‘r_offset’

Solution:  defined structure coff_rel and declared a rel struct pointer in gen_code function.
#ifdef CONFIG_FORMAT_MACH

typedef struct coff_rel {
    struct external_reloc *r_reloc;
    int  r_offset;
    uint8_t r_type;
} coff_Rel;

#endif /* CONFIG_FORMAT_MACH */

----------------------------------------------------------------------------------------------------------------------------


ERROR:
dyngen.c:1879:2: error: #error unsupport object format

Solution:  
commented the same.
----------------------------------------------------------------------------------------------------------------------------

ERROR:
In file included from /Users/ShrishaRao/Desktop/lkvm-20071004/kvm-17/qemu/target-i386/cpu.h:47,
                 from /Users/ShrishaRao/Desktop/lkvm-20071004/kvm-17/qemu/vl.h:91,
                 from /Users/ShrishaRao/Desktop/lkvm-20071004/kvm-17/qemu/cocoa.m:40:
/Users/ShrishaRao/Desktop/lkvm-20071004/kvm-17/qemu/fpu/softfloat.h:49: error: conflicting types for ‘uint16’
/System/Library/Frameworks/Security.framework/Headers/cssmconfig.h:73: error: previous declaration of ‘uint16’ was here

Solution:  
typedef int uint16
Has been replaced with,
typedef uint_16 uint16 in the header file.
----------------------------------------------------------------------------------------------------------------------------


ERROR:

/Users/ShrishaRao/Desktop/lkvm-20071004/kvm-17/qemu/cocoa.m:43: error: expected ‘=’, ‘,’, ‘;’, ‘asm’ or ‘__attribute__’ before ‘*’ token

Solution:  

----------------------------------------------------------------------------------------------------------------------------


16-03-2013:

ERROR:
/Users/ShrishaRao/Desktop/lkvm-20071004/kvm-17/qemu/cocoa.m: In function ‘cocoa_update’:
/Users/ShrishaRao/Desktop/lkvm-20071004/kvm-17/qemu/cocoa.m:78: warning: implicit declaration of function ‘NewRgn’
/Users/ShrishaRao/Desktop/lkvm-20071004/kvm-17/qemu/cocoa.m:78: warning: initialization makes pointer from integer without a cast
/Users/ShrishaRao/Desktop/lkvm-20071004/kvm-17/qemu/cocoa.m:79: warning: initialization makes pointer from integer without a cast
/Users/ShrishaRao/Desktop/lkvm-20071004/kvm-17/qemu/cocoa.m:81: warning: implicit declaration of function ‘SetEmptyRgn’
/Users/ShrishaRao/Desktop/lkvm-20071004/kvm-17/qemu/cocoa.m:84: warning: implicit declaration of function ‘MacSetRectRgn’
/Users/ShrishaRao/Desktop/lkvm-20071004/kvm-17/qemu/cocoa.m:86: warning: implicit declaration of function ‘MacUnionRgn’
/Users/ShrishaRao/Desktop/lkvm-20071004/kvm-17/qemu/cocoa.m:89: warning: implicit declaration of function ‘QDFlushPortBuffer’

Solution:  

Commented all the lines giving errors since our objective is to just run it in command line and this is regarding UI part.
----------------------------------------------------------------------------------------------------------------------------


ERROR:
ShrishaRao/Desktop/lkvm-20071004/kvm-17/qemu/qemu-kvm.c
In file included from /usr/include/inttypes.h:255,
                 from ../cpu-defs.h:25,
                 from /Users/ShrishaRao/Desktop/lkvm-20071004/kvm-17/qemu/target-i386/exec.h:30,
                 from /Users/ShrishaRao/Desktop/lkvm-20071004/kvm-17/qemu/qemu-kvm.c:7:
/usr/lib/gcc/i686-apple-darwin10/4.2.1/include/stdint.h:35: error: conflicting types for ‘int64_t’
../dyngen-exec.h:61: error: previous declaration of ‘int64_t’ was here
/usr/lib/gcc/i686-apple-darwin10/4.2.1/include/stdint.h:55: error: conflicting types for ‘uint64_t’
../dyngen-exec.h:44: error: previous declaration of ‘uint64_t’ was here


Solution:  
changed the typedef’s from 
singed long long to long long int64_t
and 		unsigned long to unsigned long long for uint_64
----------------------------------------------------------------------------------------------------------------------------


ERROR:
/Users/ShrishaRao/Desktop/lkvm-20071004/kvm-17/qemu/qemu-kvm.c:446: warning: implicit declaration of function ‘exit’
/Users/ShrishaRao/Desktop/lkvm-20071004/kvm-17/qemu/qemu-kvm.c:446: warning: incompatible implicit declaration of built-in function ‘exit’
/Users/ShrishaRao/Desktop/lkvm-20071004/kvm-17/qemu/qemu-kvm.c: In function ‘kvm_shutdown’:
/Users/ShrishaRao/Desktop/lkvm-20071004/kvm-17/qemu/qemu-kvm.c:678: warning: implicit declaration of function ‘qemu_system_reset_request’


Solution:  included stdio.h and stdlib.h in the respective .c files

----------------------------------------------------------------------------------------------------------------------------


ERROR:
/Users/ShrishaRao/Desktop/lkvm-20071004/kvm-17/qemu/target-i386/op.c:1: error: -mpreferred-stack-boundary=2 is not between 4 and 12
make[1]: *** [op.o] Error 1

Solution:  

----------------------------------------------------------------------------------------------------------------------------


ERROR:
linux-test.c: In function ‘test_clone’:
linux-test.c:423: warning: implicit declaration of function ‘clone’
linux-test.c:423: error: ‘CLONE_VM’ undeclared (first use in this function)
linux-test.c:423: error: (Each undeclared identifier is reported only once
linux-test.c:423: error: for each function it appears in.)
linux-test.c:423: error: ‘CLONE_FS’ undeclared (first use in this function)
linux-test.c:423: error: ‘CLONE_FILES’ undeclared (first use in this function)
make: *** [linux-test] Error 1

Solution:   replaced clone() with fork(); and commented clone_VM, etc.,

pid1 = chk_error(fork());
pid2 = chk_error(fork());
	
i.e. commented 		clone(thread2_func, stack2 + STACK_SIZE, 
                           CLONE_VM | CLONE_FS | CLONE_FILES | SIGCHLD, "hello2"));


----------------------------------------------------------------------------------------------------------------------------


ERROR:
sha1.c:46:20: error: endian.h: No such file or directory

Solution:   Removed #include <endian.h>
----------------------------------------------------------------------------------------------------------------------------


ERROR:
test-i386-vm86.S:92:Unknown pseudo-op: .string
test-i386-vm86.S:92:Rest of line ignored. 1st junk character valued 34 (").
test-i386-vm86.S:95:Unknown pseudo-op: .string
test-i386-vm86.S:95:Rest of line ignored. 1st junk character valued 34 (").
test-i386-vm86.S:98:Unknown pseudo-op: .string
test-i386-vm86.S:98:Rest of line ignored. 1st junk character valued 34 (").
test-i386-vm86.S:101:Unknown pseudo-op: .string
test-i386-vm86.S:101:Rest of line ignored. 1st junk character valued 34 (").
make: *** [test-i386] Error 1

Solution:   .string has been replaced with .ascii
  .ascii "INT90 started\n$" 


ERROR:
test-i386-code16.S:47:indirect lcall without `*'
test-i386-code16.S:49:indirect ljmp without `*'
Solution:   Comment


----------------------------------------------------------------------------------------------------------------------------


17-03-2013:

ERROR:

make -C i386-softmmu all
gcc -Wall -O2 -g -fno-strict-aliasing -mpreferred-stack-boundary=2 -fomit-frame-pointer -falign-functions=0 -fno-gcse -fno-reorder-blocks -fno-optimize-sibling-calls -mdynamic-no-pic -I. -I.. -I/Users/ShrishaRao/Desktop/lkvm-20071004/kvm-17/qemu/target-i386 -I/Users/ShrishaRao/Desktop/lkvm-20071004/kvm-17/qemu -D_GNU_SOURCE -D_FILE_OFFSET_BITS=64 -D_LARGEFILE_SOURCE -D__user= -DSMBD_COMMAND=\"/sbin/smbd\" -I/include -I/Users/ShrishaRao/Desktop/lkvm-20071004/kvm-17/qemu/fpu -DHAS_AUDIO -I/Users/ShrishaRao/Desktop/lkvm-20071004/kvm-17/qemu/slirp -c -o op.o /Users/ShrishaRao/Desktop/lkvm-20071004/kvm-17/qemu/target-i386/op.c

/Users/ShrishaRao/Desktop/lkvm-20071004/kvm-17/qemu/target-i386/op.c:1: error: -mpreferred-stack-boundary=2 is not between 4 and 12

Solution: 
changed in the configure file in qemu
from CFLAGS="$CFLAGS -Wall -O2 -g -fno-strict-aliasing
to CFLAGS="$CFLAGS -Wall -O2 -g -fno-strict-aliasing -mpreferred-stack-boundary=4"

ERROR:
/Users/ShrishaRao/Desktop/lkvm-20071004/kvm-17/qemu/target-i386/op.c:1: error: -mpreferred-stack-boundary=2 is not between 4 and 12


Solution : In qemu ,configure file, at line no 433 removed $targer_list




















/Users/ShrishaRao/Documents/lkvm-20071004/kvm-17/qemu/target-i386/translate.c:2901: warning: implicit declaration of function ‘gen_op_movmskps’
/Users/ShrishaRao/Documents/lkvm-20071004/kvm-17/qemu/target-i386/translate.c:2906: warning: implicit declaration of function ‘gen_op_movmskpd’
/Users/ShrishaRao/Documents/lkvm-20071004/kvm-17/qemu/target-i386/translate.c:2923: warning: implicit declaration of function ‘gen_op_cvtpi2ps’
/Users/ShrishaRao/Documents/lkvm-20071004/kvm-17/qemu/target-i386/translate.c:2927: warning: implicit declaration of function ‘gen_op_cvtpi2pd’
/Users/ShrishaRao/Documents/lkvm-20071004/kvm-17/qemu/target-i386/translate.c:2954: warning: implicit declaration of function ‘gen_op_cvttps2pi’
/Users/ShrishaRao/Documents/lkvm-20071004/kvm-17/qemu/target-i386/translate.c:2957: warning: implicit declaration of function ‘gen_op_cvttpd2pi’
/Users/ShrishaRao/Documents/lkvm-20071004/kvm-17/qemu/target-i386/translate.c:2960: warning: implicit declaration of function ‘gen_op_cvtps2pi’
/Users/ShrishaRao/Documents/lkvm-20071004/kvm-17/qemu/target-i386/translate.c:2963: warning: implicit declaration of function ‘gen_op_cvtpd2pi’
/Users/ShrishaRao/Documents/lkvm-20071004/kvm-17/qemu/target-i386/translate.c:2996: warning: implicit declaration of function ‘gen_op_pinsrw_xmm’
/Users/ShrishaRao/Documents/lkvm-20071004/kvm-17/qemu/target-i386/translate.c:2999: warning: implicit declaration of function ‘gen_op_pinsrw_mmx’
/Users/ShrishaRao/Documents/lkvm-20071004/kvm-17/qemu/target-i386/translate.c:3010: warning: implicit declaration of function ‘gen_op_pextrw_xmm’
/Users/ShrishaRao/Documents/lkvm-20071004/kvm-17/qemu/target-i386/translate.c:3014: warning: implicit declaration of function ‘gen_op_pextrw_mmx’
/Users/ShrishaRao/Documents/lkvm-20071004/kvm-17/qemu/target-i386/translate.c:3049: warning: implicit declaration of function ‘gen_op_pmovmskb_xmm’
/Users/ShrishaRao/Documents/lkvm-20071004/kvm-17/qemu/target-i386/translate.c:3052: warning: implicit declaration of function ‘gen_op_pmovmskb_mmx’
/Users/ShrishaRao/Documents/lkvm-20071004/kvm-17/qemu/target-i386/translate.c: In function ‘disas_insn’:
/Users/ShrishaRao/Documents/lkvm-20071004/kvm-17/qemu/target-i386/translate.c:3278: warning: implicit declaration of function ‘gen_op_lock’
/Users/ShrishaRao/Documents/lkvm-20071004/kvm-17/qemu/target-i386/translate.c:3324: warning: implicit declaration of function ‘gen_op_update1_cc’
/Users/ShrishaRao/Documents/lkvm-20071004/kvm-17/qemu/target-i386/translate.c:3434: warning: implicit declaration of function ‘gen_op_testl_T0_T1_cc’
/Users/ShrishaRao/Documents/lkvm-20071004/kvm-17/qemu/target-i386/translate.c:3438: warning: implicit declaration of function ‘gen_op_notl_T0’
/Users/ShrishaRao/Documents/lkvm-20071004/kvm-17/qemu/target-i386/translate.c:3446: warning: implicit declaration of function ‘gen_op_negl_T0’
/Users/ShrishaRao/Documents/lkvm-20071004/kvm-17/qemu/target-i386/translate.c:3452: warning: implicit declaration of function ‘gen_op_update_neg_cc’
/Users/ShrishaRao/Documents/lkvm-20071004/kvm-17/qemu/target-i386/translate.c:3458: warning: implicit declaration of function ‘gen_op_mulb_AL_T0’
/Users/ShrishaRao/Documents/lkvm-20071004/kvm-17/qemu/target-i386/translate.c:3462: warning: implicit declaration of function ‘gen_op_mulw_AX_T0’
/Users/ShrishaRao/Documents/lkvm-20071004/kvm-17/qemu/target-i386/translate.c:3467: warning: implicit declaration of function ‘gen_op_mull_EAX_T0’
/Users/ShrishaRao/Documents/lkvm-20071004/kvm-17/qemu/target-i386/translate.c:3481: warning: implicit declaration of function ‘gen_op_imulb_AL_T0’
/Users/ShrishaRao/Documents/lkvm-20071004/kvm-17/qemu/target-i386/translate.c:3485: warning: implicit declaration of function ‘gen_op_imulw_AX_T0’
/Users/ShrishaRao/Documents/lkvm-20071004/kvm-17/qemu/target-i386/translate.c:3490: warning: implicit declaration of function ‘gen_op_imull_EAX_T0’
/Users/ShrishaRao/Documents/lkvm-20071004/kvm-17/qemu/target-i386/translate.c:3505: warning: implicit declaration of function ‘gen_op_divb_AL_T0’
/Users/ShrishaRao/Documents/lkvm-20071004/kvm-17/qemu/target-i386/translate.c:3509: warning: implicit declaration of function ‘gen_op_divw_AX_T0’
/Users/ShrishaRao/Documents/lkvm-20071004/kvm-17/qemu/target-i386/translate.c:3514: warning: implicit declaration of function ‘gen_op_divl_EAX_T0’
/Users/ShrishaRao/Documents/lkvm-20071004/kvm-17/qemu/target-i386/translate.c:3528: warning: implicit declaration of function ‘gen_op_idivb_AL_T0’
/Users/ShrishaRao/Documents/lkvm-20071004/kvm-17/qemu/target-i386/translate.c:3532: warning: implicit declaration of function ‘gen_op_idivw_AX_T0’
/Users/ShrishaRao/Documents/lkvm-20071004/kvm-17/qemu/target-i386/translate.c:3537: warning: implicit declaration of function ‘gen_op_idivl_EAX_T0’
/Users/ShrishaRao/Documents/lkvm-20071004/kvm-17/qemu/target-i386/translate.c:3605: warning: implicit declaration of function ‘gen_op_andl_T0_ffff’
/Users/ShrishaRao/Documents/lkvm-20071004/kvm-17/qemu/target-i386/translate.c:3609: warning: implicit declaration of function ‘gen_op_jmp_T0’
/Users/ShrishaRao/Documents/lkvm-20071004/kvm-17/qemu/target-i386/translate.c:3621: warning: implicit declaration of function ‘gen_op_lcall_protected_T0_T1’
/Users/ShrishaRao/Documents/lkvm-20071004/kvm-17/qemu/target-i386/translate.c:3623: warning: implicit declaration of function ‘gen_op_lcall_real_T0_T1’
/Users/ShrishaRao/Documents/lkvm-20071004/kvm-17/qemu/target-i386/translate.c:3642: warning: implicit declaration of function ‘gen_op_ljmp_protected_T0_T1’
/Users/ShrishaRao/Documents/lkvm-20071004/kvm-17/qemu/target-i386/translate.c:3645: warning: implicit declaration of function ‘gen_op_movl_T0_T1’
/Users/ShrishaRao/Documents/lkvm-20071004/kvm-17/qemu/target-i386/translate.c:3697: warning: implicit declaration of function ‘gen_op_movswl_EAX_AX’
/Users/ShrishaRao/Documents/lkvm-20071004/kvm-17/qemu/target-i386/translate.c:3699: warning: implicit declaration of function ‘gen_op_movsbw_AX_AL’
/Users/ShrishaRao/Documents/lkvm-20071004/kvm-17/qemu/target-i386/translate.c:3708: warning: implicit declaration of function ‘gen_op_movslq_EDX_EAX’
/Users/ShrishaRao/Documents/lkvm-20071004/kvm-17/qemu/target-i386/translate.c:3710: warning: implicit declaration of function ‘gen_op_movswl_DX_AX’
/Users/ShrishaRao/Documents/lkvm-20071004/kvm-17/qemu/target-i386/translate.c:3739: warning: implicit declaration of function ‘gen_op_imull_T0_T1’
/Users/ShrishaRao/Documents/lkvm-20071004/kvm-17/qemu/target-i386/translate.c:3741: warning: implicit declaration of function ‘gen_op_imulw_T0_T1’
/Users/ShrishaRao/Documents/lkvm-20071004/kvm-17/qemu/target-i386/translate.c:3770: warning: implicit declaration of function ‘gen_op_update2_cc’
/Users/ShrishaRao/Documents/lkvm-20071004/kvm-17/qemu/target-i386/translate.c:3803: warning: implicit declaration of function ‘gen_op_cmpxchg8b’
/Users/ShrishaRao/Documents/lkvm-20071004/kvm-17/qemu/target-i386/translate.c:3906: warning: implicit declaration of function ‘gen_op_movl_T0_seg’
/Users/ShrishaRao/Documents/lkvm-20071004/kvm-17/qemu/target-i386/translate.c:3928: warning: implicit declaration of function ‘gen_op_set_inhibit_irq’
/Users/ShrishaRao/Documents/lkvm-20071004/kvm-17/qemu/target-i386/translate.c:4045: warning: implicit declaration of function ‘gen_op_movzbl_T0_T0’
/Users/ShrishaRao/Documents/lkvm-20071004/kvm-17/qemu/target-i386/translate.c:4048: warning: implicit declaration of function ‘gen_op_movsbl_T0_T0’
/Users/ShrishaRao/Documents/lkvm-20071004/kvm-17/qemu/target-i386/translate.c:4051: warning: implicit declaration of function 





test-i386.c: At top level:
test-i386.c:2667: warning: matching constraint does not allow a register
test-i386.c:2667: warning: matching constraint does not allow a register
test-i386.c:2667: warning: matching constraint does not allow a register
test-i386.c:2667: warning: matching constraint does not allow a register
test-i386.c:2667: warning: matching constraint does not allow a register
test-i386.c:2667: warning: matching constraint does not allow a register
test-i386.c:2667: warning: matching constraint does not allow a register
test-i386.c:2667: warning: matching constraint does not allow a register
test-i386.c:2667: warning: matching constraint does not allow a register
test-i386.c:2667: warning: matching constraint does not allow a register
test-i386.c:2667: warning: matching constraint does not allow a register
test-i386.c:2667: warning: matching constraint does not allow a register
test-i386.c:2667: warning: matching constraint does not allow a register
test-i386.c:2667: warning: matching constraint does not allow a register
test-i386.c:2667: warning: matching constraint does not allow a register
test-i386.c:2667: warning: matching constraint does not allow a register
test-i386.c:2667: warning: matching constraint does not allow a register
test-i386.c:2667: warning: matching constraint does not allow a register
test-i386.c:2667: warning: matching constraint does not allow a register
test-i386.c:2667: warning: matching constraint does not allow a register
test-i386.c:2667: warning: matching constraint does not allow a register
test-i386.c:2667: warning: matching constraint does not allow a register
test-i386.c:2667: warning: matching constraint does not allow a register
test-i386.c:2667: warning: matching constraint does not allow a register
test-i386.c:2667: warning: matching constraint does not allow a register
test-i386.c:2667: warning: matching constraint does not allow a register
test-i386.c:2667: warning: matching constraint does not allow a register
test-i386.c:2667: warning: matching constraint does not allow a register
test-i386.c:2667: warning: matching constraint does not allow a register
test-i386.c:2667: warning: matching constraint does not allow a register
test-i386.c:2667: warning: matching constraint does not allow a register
test-i386.c:2667: warning: matching constraint does not allow a register
test-i386.c: In function ‘test_xchg’:
test-i386.c:1087: warning: matching constraint does not allow a register
test-i386.c:1087: warning: matching constraint does not allow a register
test-i386.c:1087: warning: matching constraint does not allow a register
test-i386.c:1087: warning: matching constraint does not allow a register
test-i386.c:1087: warning: matching constraint does not allow a register
test-i386.c:1087: warning: matching constraint does not allow a register
test-i386.c:1087: warning: matching constraint does not allow a register
test-i386.c:1087: warning: matching constraint does not allow a register
test-i386.c:1087: warning: matching constraint does not allow a register
test-i386.c:1087: warning: matching constraint does not allow a register
test-i386.c:1087: warning: matching constraint does not allow a register
test-i386.c:1087: warning: matching constraint does not allow a register
test-i386.c:1087: warning: matching constraint does not allow a register
test-i386.c:1087: warning: matching constraint does not allow a register
test-i386.c:1087: warning: matching constraint does not allow a register
test-i386.c:1087: warning: matching constraint does not allow a register
test-i386.c:1087: warning: matching constraint does not allow a register
test-i386.c:1087: warning: matching constraint does not allow a register
test-i386.c:1087: warning: matching constraint does not allow a register
test-i386.c:1087: warning: matching constraint does not allow a register
test-i386.c:1087: warning: matching constraint does not allow a register
test-i386.c:1087: warning: matching constraint does not allow a register
test-i386.c:1087: warning: matching constraint does not allow a register
test-i386.c:1087: warning: matching constraint does not allow a register
test-i386.c:1087: warning: matching constraint does not allow a register
test-i386.c:1087: warning: matching constraint does not allow a register
test-i386.c:1087: warning: matching constraint does not allow a register
test-i386.c:1087: warning: matching constraint does not allow a register
test-i386.c:1087: warning: matching constraint does not allow a register
test-i386.c:1087: warning: matching constraint does not allow a register
test-i386.c:1087: warning: matching constraint does not allow a register
test-i386.c:1087: warning: matching constraint does not allow a register
test-i386.c:1087: warning: matching constraint does not allow a register
test-i386.c:1087: warning: matching constraint does not allow a register
test-i386.c:1087: warning: matching constraint does not allow a register
test-i386.c:1087: warning: matching constraint does not allow a register
test-i386.c:1087: warning: matching constraint does not allow a register
test-i386.c:1087: warning: matching constraint does not allow a register
test-i386.c:1087: warning: matching constraint does not allow a register
test-i386.c:1087: warning: matching constraint does not allow a register
test-i386.c:1087: warning: matching constraint does not allow a register
test-i386.c:1087: warning: matching constraint does not allow a register
test-i386.c:1087: warning: matching constraint does not allow a register
test-i386.c:1087: warning: matching constraint does not allow a register
test-i386.c:1087: warning: matching constraint does not allow a register
test-i386.c:1087: warning: matching constraint does not allow a register
test-i386.c:1087: warning: matching constraint does not allow a register
test-i386.c:1087: warning: matching constraint does not allow a register
test-i386.c:1087: warning: matching constraint does not allow a register
test-i386.c:1087: warning: matching constraint does not allow a register
test-i386.c:1087: warning: matching constraint does not allow a register
test-i386.c:1087: warning: matching constraint does not allow a register
test-i386.c:1087: warning: matching constraint does not allow a register
test-i386.c:1087: warning: matching constraint does not allow a register
test-i386.c:1087: warning: matching constraint does not allow a register
test-i386.c:1087: warning: matching constraint does not allow a register
test-i386.c:1087: warning: matching constraint does not allow a register
test-i386.c:1087: warning: matching constraint does not allow a register
test-i386.c:1087: warning: matching constraint does not allow a register
test-i386.c:1087: warning: matching constraint does not allow a register
test-i386.c:1087: warning: matching constraint does not allow a register
test-i386.c:1087: warning: matching constraint does not allow a register
test-i386.c:1087: warning: matching constraint does not allow a register
test-i386.c:1087: warning: matching constraint does not allow a register
test-i386.c:1087: warning: matching constraint does not allow a register
test-i386.c:1087: warning: matching constraint does not allow a register
test-i386.c:1087: warning: matching constraint does not allow a register
test-i386.c:1087: warning: matching constraint does not allow a register
test-i386.c:1087: warning: matching constraint does not allow a register
test-i386.c:1087: warning: matching constraint does not allow a register
test-i386.c:1087: warning: matching constraint does not allow a register
test-i386.c:1087: warning: matching constraint does not allow a register
test-i386.c:1087: warning: matching constraint does not allow a register
test-i386.c:1087: warning: matching constraint does not allow a register
test-i386.c:1087: warning: matching constraint does not allow a register
test-i386.c:1087: warning: matching constraint does not allow a register
test-i386.c:1087: warning: matching constraint does not allow a register
test-i386.c:1087: warning: matching constraint does not allow a register
test-i386.c:1087: warning: matching constraint does not allow a register
test-i386.c:1087: warning: matching constraint does not allow a register
test-i386.c:1087: warning: matching constraint does not allow a register
test-i386.c:1087: warning: matching constraint does not allow a register
test-i386.c:1087: warning: matching constraint does not allow a register
test-i386.c:1087: warning: matching constraint does not allow a register
test-i386.c:1087: warning: matching constraint does not allow a register
test-i386.c:1087: warning: matching constraint does not allow a register
test-i386.c:1087: warning: matching constraint does not allow a register
test-i386.c:1087: warning: matching constraint does not allow a register
test-i386.c:1087: warning: matching constraint does not allow a register
test-i386.c:1087: warning: matching constraint does not allow a register
test-i386.c:1087: warning: matching constraint does not allow a register
test-i386.c:1087: warning: matching constraint does not allow a register
test-i386.c:1087: warning: matching constraint does not allow a register
test-i386.c:1087: warning: matching constraint does not allow a register
test-i386.c:1087: warning: matching constraint does not allow a register
test-i386.c:1087: warning: matching constraint does not allow a register
test-i386.c:1087: warning: matching constraint does not allow a register
test-i386.c:1087: warning: matching constraint does not allow a register
test-i386.c:1087: warning: matching constraint does not allow a register
test-i386.c:1087: warning: matching constraint does not allow a register
test-i386.c:1087: warning: matching constraint does not allow a register
test-i386.c:1087: warning: matching constraint does not allow a register
test-i386.c:1087: warning: matching constraint does not allow a register
test-i386.c:1087: warning: matching constraint does not allow a register
test-i386.c:1087: warning: matching constraint does not allow a register
test-i386.c:1087: warning: matching constraint does not allow a register
test-i386.c:1087: warning: matching constraint does not allow a register
test-i386.c:1087: warning: matching constraint does not allow a register
test-i386.c:1087: warning: matching constraint does not allow a register
test-i386.c:1087: warning: matching constraint does not allow a register
test-i386.c:1087: warning: matching constraint does not allow a register
test-i386.c:1087: warning: matching constraint does not allow a register
test-i386.c:1087: warning: matching constraint does not allow a register
test-i386.c:1087: warning: matching constraint does not allow a register
test-i386.c:1087: warning: matching constraint does not allow a register
test-i386.c:1087: warning: matching constraint does not allow a register
test-i386.c:1087: warning: matching constraint does not allow a register
test-i386.c:1087: warning: matching constraint does not allow a register
test-i386.c:1087: warning: matching constraint does not allow a register
test-i386.c:1087: warning: matching constraint does not allow a register
test-i386.c:1087: warning: matching constraint does not allow a register
test-i386.c:1087: warning: matching constraint does not allow a register
test-i386.c:1087: warning: matching constraint does not allow a register
test-i386.c:1087: warning: matching constraint does not allow a register
test-i386.c:1087: warning: matching constraint does not allow a register
test-i386.c:1087: warning: matching constraint does not allow a register
test-i386.c:1087: warning: matching constraint does not allow a register
test-i386.c:1087: warning: matching constraint does not allow a register
test-i386.c:1096: warning: matching constraint does not allow a register
test-i386.c:1096: warning: matching constraint does not allow a register
test-i386.c:1098: warning: matching constraint does not allow a register
test-i386.c:1098: warning: matching constraint does not allow a register
test-i386.c:1099: warning: matching constraint does not allow a register
test-i386.c:1099: warning: matching constraint does not allow a register
test-i386.c:1100: warning: matching constraint does not allow a register
test-i386.c:1100: warning: matching constraint does not allow a register
test-i386.c:1117: warning: matching constraint does not allow a register
test-i386.c:1117: warning: matching constraint does not allow a register
test-i386.c:1119: warning: matching constraint does not allow a register
test-i386.c:1119: warning: matching constraint does not allow a register
test-i386.c:1120: warning: matching constraint does not allow a register
test-i386.c:1120: warning: matching constraint does not allow a register
test-i386.c:1121: warning: matching constraint does not allow a register
test-i386.c:1121: warning: matching constraint does not allow a register
test-i386.c:1138: warning: matching constraint does not allow a register
test-i386.c:1138: warning: matching constraint does not allow a register
test-i386.c:1140: warning: matching constraint does not allow a register
test-i386.c:1140: warning: matching constraint does not allow a register
test-i386.c:1141: warning: matching constraint does not allow a register
test-i386.c:1141: warning: matching constraint does not allow a register
test-i386.c:1142: warning: matching constraint does not allow a register
test-i386.c:1142: warning: matching constraint does not allow a register
test-i386.c:1145: warning: matching constraint does not allow a register
test-i386.c:1145: warning: matching constraint does not allow a register
test-i386.c:1147: warning: matching constraint does not allow a register
test-i386.c:1147: warning: matching constraint does not allow a register
test-i386.c:1148: warning: matching constraint does not allow a register
test-i386.c:1148: warning: matching constraint does not allow a register
test-i386.c:1149: warning: matching constraint does not allow a register
test-i386.c:1149: warning: matching constraint does not allow a register
/var/folders/7G/7GglAm5qHs0H7ZypyLPfsk+++TQ/-Tmp-//ccLLs1jj.s:10262:indirect lcall without `*'
/var/folders/7G/7GglAm5qHs0H7ZypyLPfsk+++TQ/-Tmp-//ccLLs1jj.s:10274:32-bit absolute addressing is not supported for x86-64
/var/folders/7G/7GglAm5qHs0H7ZypyLPfsk+++TQ/-Tmp-//ccLLs1jj.s:10274:cannot do signed 4 byte relocation
/var/folders/7G/7GglAm5qHs0H7ZypyLPfsk+++TQ/-Tmp-//ccLLs1jj.s:10276:indirect ljmp without `*'
/var/folders/7G/7GglAm5qHs0H7ZypyLPfsk+++TQ/-Tmp-//ccLLs1jj.s:11867:suffix or operands invalid for `bsr'
/var/folders/7G/7GglAm5qHs0H7ZypyLPfsk+++TQ/-Tmp-//ccLLs1jj.s:11880:suffix or operands invalid for `bsr'
/var/folders/7G/7GglAm5qHs0H7ZypyLPfsk+++TQ/-Tmp-//ccLLs1jj.s:11893:suffix or operands invalid for `bsf'
/var/folders/7G/7GglAm5qHs0H7ZypyLPfsk+++TQ/-Tmp-//ccLLs1jj.s:11906:suffix or operands invalid for `bsf'
/var/folders/7G/7GglAm5qHs0H7ZypyLPfsk+++TQ/-Tmp-//ccLLs1jj.s:11919:suffix or operands invalid for `bsr'
/var/folders/7G/7GglAm5qHs0H7ZypyLPfsk+++TQ/-Tmp-//ccLLs1jj.s:11932:suffix or operands invalid for `bsr'
/var/folders/7G/7GglAm5qHs0H7ZypyLPfsk+++TQ/-Tmp-//ccLLs1jj.s:11945:suffix or operands invalid for `bsf'
/var/folders/7G/7GglAm5qHs0H7ZypyLPfsk+++TQ/-Tmp-//ccLLs1jj.s:11958:suffix or operands invalid for `bsf'
/var/folders/7G/7GglAm5qHs0H7ZypyLPfsk+++TQ/-Tmp-//ccLLs1jj.s:11971:suffix or operands invalid for `bsr'
/var/folders/7G/7GglAm5qHs0H7ZypyLPfsk+++TQ/-Tmp-//ccLLs1jj.s:11984:suffix or operands invalid for `bsr'
/var/folders/7G/7GglAm5qHs0H7ZypyLPfsk+++TQ/-Tmp-//ccLLs1jj.s:11997:suffix or operands invalid for `bsf'
/var/folders/7G/7GglAm5qHs0H7ZypyLPfsk+++TQ/-Tmp-//ccLLs1jj.s:12010:suffix or operands invalid for `bsf'
/var/folders/7G/7GglAm5qHs0H7ZypyLPfsk+++TQ/-Tmp-//ccLLs1jj.s:27490:Expected comma after segment-name
/var/folders/7G/7GglAm5qHs0H7ZypyLPfsk+++TQ/-Tmp-//ccLLs1jj.s:27490:Rest of line ignored. 1st junk character valued 32 ( ).




gcc -Wall -O2 -g -fno-strict-aliasing -mpreferred-stack-boundary=4 -fomit-frame-pointer -I. -I.. -I/Users/ShrishaRao/Desktop/lkvm-20071004/kvm-17/qemu/target-i386 -I/Users/ShrishaRao/Desktop/lkvm-20071004/kvm-17/qemu -I/Users/ShrishaRao/Desktop/lkvm-20071004/kvm-17/qemu/darwin-user -I/Users/ShrishaRao/Desktop/lkvm-20071004/kvm-17/qemu/darwin-user/i386 -D_GNU_SOURCE -D_FILE_OFFSET_BITS=64 -D_LARGEFILE_SOURCE -D__user= -DSMBD_COMMAND=\"/sbin/smbd\" -I/include -I/Users/ShrishaRao/Desktop/lkvm-20071004/kvm-17/qemu/fpu -DHAS_AUDIO -I/Users/ShrishaRao/Desktop/lkvm-20071004/kvm-17/qemu/slirp  -c -o signal.o /Users/ShrishaRao/Desktop/lkvm-20071004/kvm-17/qemu/darwin-user/signal.c
In file included from /Users/ShrishaRao/Desktop/lkvm-20071004/kvm-17/qemu/darwin-user/signal.c:37:
/Users/ShrishaRao/Desktop/lkvm-20071004/kvm-17/qemu/darwin-user/qemu.h: In function ‘get_int_arg’:
/Users/ShrishaRao/Desktop/lkvm-20071004/kvm-17/qemu/darwin-user/qemu.h:152: warning: cast to pointer from integer of different size
/Users/ShrishaRao/Desktop/lkvm-20071004/kvm-17/qemu/darwin-user/qemu.h: In function ‘get_int64_arg’:
/Users/ShrishaRao/Desktop/lkvm-20071004/kvm-17/qemu/darwin-user/qemu.h:158: warning: cast to pointer from integer of different size
/Users/ShrishaRao/Desktop/lkvm-20071004/kvm-17/qemu/darwin-user/signal.c: In function ‘queue_signal’:
/Users/ShrishaRao/Desktop/lkvm-20071004/kvm-17/qemu/darwin-user/signal.c:155: warning: cast from pointer to integer of different size
/Users/ShrishaRao/Desktop/lkvm-20071004/kvm-17/qemu/darwin-user/signal.c:156: warning: comparison between pointer and integer
/Users/ShrishaRao/Desktop/lkvm-20071004/kvm-17/qemu/darwin-user/signal.c:165: warning: passing argument 1 of ‘host_to_target_signal’ makes integer from pointer without a cast
/Users/ShrishaRao/Desktop/lkvm-20071004/kvm-17/qemu/darwin-user/signal.c:168: warning: passing argument 1 of ‘host_to_target_signal’ makes integer from pointer without a cast
/Users/ShrishaRao/Desktop/lkvm-20071004/kvm-17/qemu/darwin-user/signal.c: In function ‘do_sigaction’:
/Users/ShrishaRao/Desktop/lkvm-20071004/kvm-17/qemu/darwin-user/signal.c:254: warning: cast from pointer to integer of different size
/Users/ShrishaRao/Desktop/lkvm-20071004/kvm-17/qemu/darwin-user/signal.c:254: warning: cast from pointer to integer of different size
/Users/ShrishaRao/Desktop/lkvm-20071004/kvm-17/qemu/darwin-user/signal.c:259: warning: cast from pointer to integer of different size
/Users/ShrishaRao/Desktop/lkvm-20071004/kvm-17/qemu/darwin-user/signal.c:259: warning: cast from pointer to integer of different size
/Users/ShrishaRao/Desktop/lkvm-20071004/kvm-17/qemu/darwin-user/signal.c:262: warning: passing argument 1 of ‘tswap32’ makes integer from pointer without a cast
/Users/ShrishaRao/Desktop/lkvm-20071004/kvm-17/qemu/darwin-user/signal.c:262: warning: assignment makes pointer from integer without a cast
/Users/ShrishaRao/Desktop/lkvm-20071004/kvm-17/qemu/darwin-user/signal.c:269: warning: format ‘%x’ expects type ‘unsigned int’, but argument 3 has type ‘void (* const)(int)’
/Users/ShrishaRao/Desktop/lkvm-20071004/kvm-17/qemu/darwin-user/signal.c:272: warning: passing argument 1 of ‘tswap32’ makes integer from pointer without a cast
/Users/ShrishaRao/Desktop/lkvm-20071004/kvm-17/qemu/darwin-user/signal.c:272: warning: assignment makes pointer from integer without a cast
/Users/ShrishaRao/Desktop/lkvm-20071004/kvm-17/qemu/darwin-user/signal.c:280: warning: too many arguments for format





